\BOOKMARK [0][-]{chapter*.3}{\376\377\000A\000b\000s\000t\000r\000a\000c\000t}{}% 1
\BOOKMARK [0][-]{chapter*.4}{\376\377\000U\000i\000t\000t\000r\000e\000k\000s\000e\000l}{}% 2
\BOOKMARK [0][-]{chapter*.4}{\376\377\000T\000a\000b\000l\000e\000\040\000o\000f\000\040\000C\000o\000n\000t\000e\000n\000t\000s}{}% 3
\BOOKMARK [0][-]{chapter*.5}{\376\377\000L\000i\000s\000t\000\040\000o\000f\000\040\000F\000i\000g\000u\000r\000e\000s}{}% 4
\BOOKMARK [0][-]{chapter*.6}{\376\377\000L\000i\000s\000t\000\040\000o\000f\000\040\000T\000a\000b\000l\000e\000s}{}% 5
\BOOKMARK [0][-]{chapter*.8}{\376\377\000N\000o\000m\000e\000n\000c\000l\000a\000t\000u\000r\000e}{}% 6
\BOOKMARK [1][-]{section*.9}{\376\377\000V\000a\000r\000i\000a\000b\000l\000e\000s\000\040\000a\000n\000d\000\040\000f\000u\000n\000c\000t\000i\000o\000n\000s}{chapter*.8}% 7
\BOOKMARK [1][-]{section*.10}{\376\377\000A\000c\000r\000o\000n\000y\000m\000s\000\040\000a\000n\000d\000\040\000a\000b\000b\000r\000e\000v\000i\000a\000t\000i\000o\000n\000s}{chapter*.8}% 8
\BOOKMARK [0][-]{chapter.1}{\376\377\000I\000n\000t\000r\000o\000d\000u\000c\000t\000i\000o\000n}{}% 9
\BOOKMARK [1][-]{section.1.1}{\376\377\000P\000r\000o\000b\000l\000e\000m\000\040\000B\000a\000c\000k\000g\000r\000o\000u\000n\000d}{chapter.1}% 10
\BOOKMARK [1][-]{section.1.2}{\376\377\000P\000r\000o\000p\000o\000s\000e\000d\000\040\000S\000o\000l\000u\000t\000i\000o\000n\000:\000\040\000V\000i\000s\000u\000a\000l\000\040\000N\000a\000v\000i\000g\000a\000t\000i\000o\000n\000\040\000f\000o\000r\000\040\000P\000o\000s\000e\000\040\000E\000s\000t\000i\000m\000a\000t\000i\000o\000n}{chapter.1}% 11
\BOOKMARK [1][-]{section.1.3}{\376\377\000C\000o\000n\000t\000r\000i\000b\000u\000t\000i\000o\000n\000s\000\040\000a\000n\000d\000\040\000T\000h\000e\000s\000i\000s\000\040\000O\000u\000t\000l\000i\000n\000e}{chapter.1}% 12
\BOOKMARK [0][-]{chapter.2}{\376\377\000L\000i\000t\000e\000r\000a\000t\000u\000r\000e\000\040\000S\000t\000u\000d\000y}{}% 13
\BOOKMARK [1][-]{section.2.1}{\376\377\000I\000n\000t\000r\000o\000d\000u\000c\000t\000i\000o\000n}{chapter.2}% 14
\BOOKMARK [1][-]{section.2.2}{\376\377\000I\000n\000d\000u\000s\000t\000r\000y\000\040\000T\000r\000e\000n\000d\000s}{chapter.2}% 15
\BOOKMARK [1][-]{section.2.3}{\376\377\000R\000e\000l\000a\000t\000i\000v\000e\000\040\000P\000o\000s\000e\000\040\000E\000s\000t\000i\000m\000a\000t\000i\000o\000n}{chapter.2}% 16
\BOOKMARK [1][-]{section.2.4}{\376\377\000A\000b\000s\000o\000l\000u\000t\000e\000\040\000P\000o\000s\000e\000\040\000E\000s\000t\000i\000m\000a\000t\000i\000o\000n}{chapter.2}% 17
\BOOKMARK [2][-]{subsection.2.4.1}{\376\377\000T\000r\000a\000d\000i\000t\000i\000o\000n\000a\000l\000\040\000P\000o\000s\000e\000\040\000E\000s\000t\000i\000m\000a\000t\000i\000o\000n}{section.2.4}% 18
\BOOKMARK [2][-]{subsection.2.4.2}{\376\377\000V\000i\000s\000u\000a\000l\000\040\000B\000a\000s\000e\000d\000\040\000N\000a\000v\000i\000g\000a\000t\000i\000o\000n}{section.2.4}% 19
\BOOKMARK [3][-]{subsubsection.2.4.2.1}{\376\377\000I\000m\000a\000g\000e\000\040\000P\000r\000o\000c\000e\000s\000s\000i\000n\000g}{subsection.2.4.2}% 20
\BOOKMARK [3][-]{subsubsection.2.4.2.2}{\376\377\000S\000t\000a\000t\000e\000\040\000E\000s\000t\000i\000m\000a\000t\000i\000o\000n}{subsection.2.4.2}% 21
\BOOKMARK [1][-]{section.2.5}{\376\377\000C\000o\000n\000c\000l\000u\000s\000i\000o\000n}{chapter.2}% 22
\BOOKMARK [0][-]{chapter.3}{\376\377\000M\000o\000d\000e\000l\000l\000i\000n\000g}{}% 23
\BOOKMARK [1][-]{section.3.1}{\376\377\000I\000n\000t\000r\000o\000d\000u\000c\000t\000i\000o\000n}{chapter.3}% 24
\BOOKMARK [1][-]{section.3.2}{\376\377\000R\000i\000g\000i\000d\000\040\000B\000o\000d\000y\000\040\000M\000e\000c\000h\000a\000n\000i\000c\000s}{chapter.3}% 25
\BOOKMARK [2][-]{subsection.3.2.1}{\376\377\000K\000i\000n\000e\000m\000a\000t\000i\000c\000s}{section.3.2}% 26
\BOOKMARK [2][-]{subsection.3.2.2}{\376\377\000D\000y\000n\000a\000m\000i\000c\000s}{section.3.2}% 27
\BOOKMARK [3][-]{subsubsection.3.2.2.1}{\376\377\000T\000r\000a\000n\000s\000l\000a\000t\000i\000o\000n\000a\000l\000\040\000D\000y\000n\000a\000m\000i\000c\000s}{subsection.3.2.2}% 28
\BOOKMARK [3][-]{subsubsection.3.2.2.2}{\376\377\000R\000o\000t\000a\000t\000i\000o\000n\000a\000l\000\040\000D\000y\000n\000a\000m\000i\000c\000s}{subsection.3.2.2}% 29
\BOOKMARK [1][-]{section.3.3}{\376\377\000R\000e\000f\000e\000r\000e\000n\000c\000e\000\040\000F\000r\000a\000m\000e\000\040\000T\000r\000a\000n\000s\000f\000o\000r\000m\000a\000t\000i\000o\000n\000s}{chapter.3}% 30
\BOOKMARK [2][-]{subsection.3.3.1}{\376\377\000T\000r\000a\000n\000s\000f\000o\000r\000m\000a\000t\000i\000o\000n\000\040\000M\000a\000t\000r\000i\000x}{section.3.3}% 31
\BOOKMARK [3][-]{subsubsection.3.3.1.1}{\376\377\000R\000o\000t\000a\000t\000i\000o\000n\000\040\000M\000a\000t\000r\000i\000x}{subsection.3.3.1}% 32
\BOOKMARK [3][-]{subsubsection.3.3.1.2}{\376\377\000T\000r\000a\000n\000s\000l\000a\000t\000i\000o\000n}{subsection.3.3.1}% 33
\BOOKMARK [3][-]{subsubsection.3.3.1.3}{\376\377\000H\000o\000m\000o\000g\000e\000n\000e\000o\000u\000s\000\040\000T\000r\000a\000n\000s\000f\000o\000r\000m\000a\000t\000i\000o\000n\000\040\000M\000a\000t\000r\000i\000x}{subsection.3.3.1}% 34
\BOOKMARK [2][-]{subsection.3.3.2}{\376\377\000L\000a\000t\000i\000t\000u\000d\000e\000,\000\040\000L\000o\000n\000g\000i\000t\000u\000d\000e\000,\000\040\000a\000n\000d\000\040\000A\000l\000t\000i\000t\000u\000d\000e}{section.3.3}% 35
\BOOKMARK [2][-]{subsection.3.3.3}{\376\377\000E\000a\000r\000t\000h\000\040\000C\000e\000n\000e\000t\000e\000r\000e\000d\000\040\000E\000a\000r\000t\000h\000\040\000F\000i\000x\000e\000d}{section.3.3}% 36
\BOOKMARK [2][-]{subsection.3.3.4}{\376\377\000E\000a\000r\000t\000h\000\040\000C\000e\000n\000t\000e\000r\000e\000d\000\040\000I\000n\000e\000r\000t\000i\000a\000l}{section.3.3}% 37
\BOOKMARK [2][-]{subsection.3.3.5}{\376\377\000O\000r\000b\000i\000t\000a\000l\000\040\000R\000e\000f\000e\000r\000e\000n\000c\000e\000\040\000F\000r\000a\000m\000e}{section.3.3}% 38
\BOOKMARK [2][-]{subsection.3.3.6}{\376\377\000B\000o\000d\000y\000\040\000R\000e\000f\000e\000r\000e\000n\000e\000c\000e\000\040\000F\000r\000a\000m\000e}{section.3.3}% 39
\BOOKMARK [2][-]{subsection.3.3.7}{\376\377\000N\000o\000r\000t\000h\000\040\000-\000\040\000E\000a\000s\000t\000\040\000-\000\040\000D\000o\000w\000n\000/\000\040\000E\000a\000s\000t\000\040\000-\000\040\000N\000o\000r\000t\000h\000\040\000-\000\040\000U\000p\000\040}{section.3.3}% 40
\BOOKMARK [1][-]{section.3.4}{\376\377\000S\000e\000n\000s\000o\000r\000\040\000M\000o\000d\000e\000l\000l\000i\000n\000g}{chapter.3}% 41
\BOOKMARK [2][-]{subsection.3.4.1}{\376\377\000G\000P\000S\000\040\000S\000e\000n\000s\000o\000r\000\040\000M\000o\000d\000e\000l}{section.3.4}% 42
\BOOKMARK [2][-]{subsection.3.4.2}{\376\377\000G\000y\000r\000o\000s\000c\000o\000p\000e\000\040\000S\000e\000n\000s\000o\000r\000\040\000M\000o\000d\000e\000l}{section.3.4}% 43
\BOOKMARK [2][-]{subsection.3.4.3}{\376\377\000C\000o\000a\000r\000s\000e\000\040\000S\000u\000n\000\040\000S\000e\000n\000s\000o\000r\000\040\000M\000o\000d\000e\000l}{section.3.4}% 44
\BOOKMARK [2][-]{subsection.3.4.4}{\376\377\000S\000t\000a\000r\000\040\000T\000r\000a\000c\000k\000e\000r\000\040\000S\000e\000n\000s\000o\000r\000\040\000M\000o\000d\000e\000l}{section.3.4}% 45
\BOOKMARK [2][-]{subsection.3.4.5}{\376\377\000M\000a\000g\000n\000e\000t\000o\000m\000e\000t\000e\000r\000\040\000S\000e\000n\000s\000o\000r\000\040\000M\000o\000d\000e\000l}{section.3.4}% 46
\BOOKMARK [1][-]{section.3.5}{\376\377\000C\000o\000n\000c\000l\000u\000s\000i\000o\000n}{chapter.3}% 47
\BOOKMARK [0][-]{chapter.4}{\376\377\000I\000m\000a\000g\000e\000\040\000P\000r\000o\000c\000e\000s\000s\000i\000n\000g}{}% 48
\BOOKMARK [1][-]{section.4.1}{\376\377\000I\000n\000t\000r\000o\000d\000u\000c\000t\000i\000o\000n}{chapter.4}% 49
\BOOKMARK [1][-]{section.4.2}{\376\377\000S\000a\000t\000e\000l\000l\000i\000t\000e\000\040\000I\000m\000a\000g\000e\000\040\000C\000h\000a\000r\000a\000c\000t\000e\000r\000i\000s\000t\000i\000c\000s}{chapter.4}% 50
\BOOKMARK [2][-]{subsection.4.2.1}{\376\377\000I\000m\000a\000g\000i\000n\000g\000\040\000G\000e\000o\000m\000e\000t\000r\000y}{section.4.2}% 51
\BOOKMARK [2][-]{subsection.4.2.2}{\376\377\000I\000m\000a\000g\000e\000\040\000R\000e\000s\000o\000l\000u\000t\000i\000o\000n}{section.4.2}% 52
\BOOKMARK [3][-]{subsubsection.4.2.2.1}{\376\377\000S\000p\000a\000t\000i\000a\000l\000\040\000R\000e\000s\000o\000l\000u\000t\000i\000o\000n}{subsection.4.2.2}% 53
\BOOKMARK [3][-]{subsubsection.4.2.2.2}{\376\377\000T\000e\000m\000p\000o\000r\000a\000l\000\040\000R\000e\000s\000o\000l\000u\000t\000i\000o\000n}{subsection.4.2.2}% 54
\BOOKMARK [3][-]{subsubsection.4.2.2.3}{\376\377\000R\000a\000d\000i\000o\000m\000e\000t\000r\000i\000c\000\040\000r\000e\000s\000o\000l\000u\000t\000i\000o\000n}{subsection.4.2.2}% 55
\BOOKMARK [2][-]{subsection.4.2.3}{\376\377\000I\000m\000a\000g\000e\000\040\000D\000e\000t\000e\000c\000t\000o\000r\000s}{section.4.2}% 56
\BOOKMARK [2][-]{subsection.4.2.4}{\376\377\000E\000n\000v\000i\000r\000o\000n\000m\000e\000n\000t\000a\000l\000\040\000N\000o\000i\000s\000e}{section.4.2}% 57
\BOOKMARK [1][-]{section.4.3}{\376\377\000C\000a\000m\000e\000r\000a\000\040\000M\000o\000d\000e\000l}{chapter.4}% 58
\BOOKMARK [2][-]{subsection.4.3.1}{\376\377\000P\000i\000n\000h\000o\000l\000e\000\040\000M\000o\000d\000e\000l}{section.4.3}% 59
\BOOKMARK [2][-]{subsection.4.3.2}{\376\377\000I\000n\000t\000r\000i\000n\000s\000i\000c\000\040\000C\000a\000m\000e\000r\000a\000\040\000M\000a\000t\000r\000i\000x}{section.4.3}% 60
\BOOKMARK [2][-]{subsection.4.3.3}{\376\377\000E\000x\000t\000r\000i\000n\000s\000i\000c\000\040\000C\000a\000m\000e\000r\000a\000\040\000M\000a\000t\000r\000i\000x}{section.4.3}% 61
\BOOKMARK [1][-]{section.4.4}{\376\377\000L\000e\000n\000s\000\040\000D\000i\000s\000t\000o\000r\000t\000i\000o\000n}{chapter.4}% 62
\BOOKMARK [2][-]{subsection.4.4.1}{\376\377\000R\000a\000d\000i\000a\000l\000\040\000D\000i\000s\000t\000o\000r\000t\000i\000o\000n}{section.4.4}% 63
\BOOKMARK [2][-]{subsection.4.4.2}{\376\377\000T\000a\000n\000g\000e\000n\000t\000i\000a\000l\000\040\000D\000i\000s\000t\000o\000r\000t\000i\000o\000n}{section.4.4}% 64
\BOOKMARK [2][-]{subsection.4.4.3}{\376\377\000C\000h\000r\000o\000m\000a\000t\000i\000c\000\040\000A\000b\000b\000e\000r\000a\000t\000i\000o\000n}{section.4.4}% 65
\BOOKMARK [1][-]{section.4.5}{\376\377\000E\000a\000r\000t\000h\000\040\000T\000r\000a\000c\000k\000e\000r}{chapter.4}% 66
\BOOKMARK [2][-]{subsection.4.5.1}{\376\377\000I\000m\000a\000g\000e\000\040\000G\000e\000n\000e\000r\000a\000t\000i\000o\000n}{section.4.5}% 67
\BOOKMARK [2][-]{subsection.4.5.2}{\376\377\000F\000e\000a\000t\000u\000r\000e\000\040\000D\000e\000t\000e\000c\000t\000i\000o\000n}{section.4.5}% 68
\BOOKMARK [2][-]{subsection.4.5.3}{\376\377\000E\000a\000r\000t\000h\000\040\000T\000r\000a\000c\000k\000e\000r\000\040\000A\000l\000g\000o\000r\000i\000t\000h\000m}{section.4.5}% 69
\BOOKMARK [2][-]{subsection.4.5.4}{\376\377\000C\000a\000t\000a\000l\000o\000g\000u\000e\000\040\000G\000e\000n\000e\000r\000a\000t\000i\000o\000n}{section.4.5}% 70
\BOOKMARK [1][-]{section.4.6}{\376\377\000C\000o\000n\000c\000l\000u\000s\000i\000o\000n}{chapter.4}% 71
\BOOKMARK [0][-]{chapter.5}{\376\377\000S\000t\000a\000t\000e\000\040\000E\000s\000t\000i\000m\000a\000t\000i\000o\000n}{}% 72
\BOOKMARK [1][-]{section.5.1}{\376\377\000I\000n\000t\000r\000o\000d\000u\000c\000t\000i\000o\000n}{chapter.5}% 73
\BOOKMARK [1][-]{section.5.2}{\376\377\000R\000e\000c\000u\000r\000s\000i\000v\000e\000\040\000E\000s\000t\000i\000m\000a\000t\000i\000o\000n}{chapter.5}% 74
\BOOKMARK [1][-]{section.5.3}{\376\377\000T\000h\000e\000\040\000E\000x\000t\000e\000n\000d\000e\000d\000\040\000K\000a\000l\000m\000a\000n\000\040\000F\000i\000l\000t\000e\000r}{chapter.5}% 75
\BOOKMARK [2][-]{subsection.5.3.1}{\376\377\000T\000h\000e\000\040\000P\000r\000e\000d\000i\000c\000t\000i\000o\000n\000\040\000S\000t\000e\000p}{section.5.3}% 76
\BOOKMARK [2][-]{subsection.5.3.2}{\376\377\000T\000h\000e\000\040\000U\000p\000d\000a\000t\000e\000\040\000S\000t\000e\000p}{section.5.3}% 77
\BOOKMARK [2][-]{subsection.5.3.3}{\376\377\000M\000u\000l\000t\000i\000-\000S\000e\000n\000s\000o\000r\000\040\000F\000u\000s\000i\000o\000n\000\040\000T\000e\000c\000h\000n\000i\000q\000u\000e\000s}{section.5.3}% 78
\BOOKMARK [1][-]{section.5.4}{\376\377\000S\000y\000s\000t\000e\000m\000\040\000M\000o\000d\000e\000l\000l\000i\000n\000g}{chapter.5}% 79
\BOOKMARK [2][-]{subsection.5.4.1}{\376\377\000M\000o\000t\000i\000o\000n\000\040\000M\000o\000d\000e\000l}{section.5.4}% 80
\BOOKMARK [2][-]{subsection.5.4.2}{\376\377\000S\000e\000n\000s\000o\000r\000\040\000M\000e\000a\000s\000u\000r\000e\000m\000e\000n\000t\000\040\000M\000o\000d\000e\000l}{section.5.4}% 81
\BOOKMARK [3][-]{subsubsection.5.4.2.1}{\376\377\000E\000a\000r\000t\000h\000\040\000T\000r\000a\000c\000k\000e\000r\000\040\000M\000e\000a\000s\000u\000r\000e\000m\000e\000n\000t\000\040\000M\000o\000d\000e\000l}{subsection.5.4.2}% 82
\BOOKMARK [3][-]{subsubsection.5.4.2.2}{\376\377\000G\000P\000S\000\040\000M\000e\000a\000s\000u\000r\000e\000m\000e\000n\000t\000\040\000M\000o\000d\000e\000l}{subsection.5.4.2}% 83
\BOOKMARK [3][-]{subsubsection.5.4.2.3}{\376\377\000G\000y\000r\000o\000s\000c\000o\000p\000e\000\040\000M\000e\000a\000s\000u\000r\000e\000m\000e\000n\000t\000\040\000M\000o\000d\000e\000l}{subsection.5.4.2}% 84
\BOOKMARK [3][-]{subsubsection.5.4.2.4}{\376\377\000C\000o\000a\000r\000s\000e\000\040\000S\000u\000n\000\040\000S\000e\000n\000s\000o\000r\000\040\000M\000e\000a\000s\000u\000r\000e\000m\000e\000n\000t\000\040\000M\000o\000d\000e\000l}{subsection.5.4.2}% 85
\BOOKMARK [3][-]{subsubsection.5.4.2.5}{\376\377\000M\000a\000g\000n\000e\000t\000o\000m\000e\000t\000e\000r\000\040\000M\000e\000a\000s\000u\000r\000e\000m\000e\000n\000t\000\040\000M\000o\000d\000e\000l}{subsection.5.4.2}% 86
\BOOKMARK [3][-]{subsubsection.5.4.2.6}{\376\377\000S\000t\000a\000r\000\040\000T\000r\000a\000c\000k\000e\000r\000\040\000M\000e\000a\000s\000u\000r\000e\000m\000e\000n\000t\000\040\000M\000o\000d\000e\000l}{subsection.5.4.2}% 87
\BOOKMARK [1][-]{section.5.5}{\376\377\000S\000y\000s\000t\000e\000m\000\040\000I\000n\000i\000t\000i\000a\000l\000i\000z\000a\000t\000i\000o\000n}{chapter.5}% 88
\BOOKMARK [2][-]{subsection.5.5.1}{\376\377\000P\000o\000s\000i\000t\000i\000o\000n\000\040\000I\000n\000i\000t\000i\000a\000l\000i\000s\000a\000t\000i\000o\000n}{section.5.5}% 89
\BOOKMARK [2][-]{subsection.5.5.2}{\376\377\000V\000e\000l\000o\000c\000i\000t\000y\000\040\000I\000n\000i\000t\000i\000a\000l\000i\000s\000a\000t\000i\000o\000n}{section.5.5}% 90
\BOOKMARK [2][-]{subsection.5.5.3}{\376\377\000A\000t\000t\000i\000t\000u\000d\000e\000\040\000I\000n\000i\000t\000i\000a\000l\000i\000s\000a\000t\000i\000o\000n}{section.5.5}% 91
\BOOKMARK [2][-]{subsection.5.5.4}{\376\377\000A\000n\000g\000u\000l\000a\000r\000\040\000V\000e\000l\000o\000c\000i\000t\000y\000\040\000I\000n\000i\000t\000i\000a\000l\000i\000s\000a\000t\000i\000o\000n}{section.5.5}% 92
\BOOKMARK [1][-]{section.5.6}{\376\377\000S\000y\000s\000t\000e\000m\000\040\000I\000n\000t\000e\000g\000r\000a\000t\000i\000o\000n}{chapter.5}% 93
\BOOKMARK [2][-]{subsection.5.6.1}{\376\377\000S\000a\000t\000e\000l\000l\000i\000t\000e\000\040\000S\000y\000s\000t\000e\000m}{section.5.6}% 94
\BOOKMARK [2][-]{subsection.5.6.2}{\376\377\000E\000a\000r\000t\000h\000\040\000T\000r\000a\000c\000k\000e\000r\000\040\000S\000y\000s\000t\000e\000m}{section.5.6}% 95
\BOOKMARK [2][-]{subsection.5.6.3}{\376\377\000P\000o\000s\000e\000\040\000E\000s\000t\000i\000m\000a\000t\000i\000o\000n\000\040\000S\000y\000s\000t\000e\000m}{section.5.6}% 96
\BOOKMARK [1][-]{section.5.7}{\376\377\000C\000o\000n\000c\000l\000u\000s\000i\000o\000n}{chapter.5}% 97
\BOOKMARK [0][-]{chapter.6}{\376\377\000E\000x\000p\000e\000r\000i\000m\000e\000n\000t\000s}{}% 98
\BOOKMARK [1][-]{section.6.1}{\376\377\000I\000n\000t\000r\000o\000d\000u\000c\000t\000i\000o\000n}{chapter.6}% 99
\BOOKMARK [1][-]{section.6.2}{\376\377\000T\000e\000s\000t\000\040\000C\000o\000n\000f\000i\000g\000u\000r\000a\000t\000i\000o\000n}{chapter.6}% 100
\BOOKMARK [1][-]{section.6.3}{\376\377\000S\000e\000n\000s\000o\000r\000\040\000T\000e\000s\000t}{chapter.6}% 101
\BOOKMARK [1][-]{section.6.4}{\376\377\000F\000e\000a\000t\000u\000r\000e\000\040\000T\000e\000s\000t}{chapter.6}% 102
\BOOKMARK [1][-]{section.6.5}{\376\377\000D\000i\000s\000t\000o\000r\000t\000i\000o\000n\000\040\000T\000e\000s\000t}{chapter.6}% 103
\BOOKMARK [1][-]{section.6.6}{\376\377\000C\000o\000n\000c\000l\000u\000s\000i\000o\000n}{chapter.6}% 104
\BOOKMARK [0][-]{chapter.7}{\376\377\000C\000o\000n\000c\000l\000u\000s\000i\000o\000n\000s\000\040\000a\000n\000d\000\040\000F\000u\000t\000u\000r\000e\000\040\000W\000o\000r\000k}{}% 105
\BOOKMARK [1][-]{section.7.1}{\376\377\000C\000o\000n\000c\000l\000u\000s\000i\000o\000n}{chapter.7}% 106
\BOOKMARK [1][-]{section.7.2}{\376\377\000F\000u\000t\000u\000r\000e\000\040\000W\000o\000r\000k}{chapter.7}% 107
\BOOKMARK [0][-]{chapter*.84}{\376\377\000R\000e\000f\000e\000r\000e\000n\000c\000e\000s}{}% 108
\BOOKMARK [0][-]{appendix.A}{\376\377\000A\000p\000p\000e\000n\000d\000i\000x\000\040\000t\000i\000t\000l\000e\000\040\000g\000o\000e\000s\000\040\000h\000e\000r\000e}{}% 109
